<?xml version="1.0" encoding="UTF-8"?>
<!-- Generated by org.testng.reporters.JUnitXMLReporter -->
<testsuite ignored="0" hostname="DESKTOP-K1NGQ9O" failures="0" tests="4" name="Test" time="56.882" errors="0" timestamp="2022-11-05T00:28:35 IST">
  <testcase classname="com.saucedemo.TestPack.TC04_VerifyAllProductsAddToCartFunctionality" name="verifyAllProductsAddToCart" time="2.968"/>
  <testcase classname="com.saucedemo.TestPack.TC03_Verify_BagProduct_AddToCart_Functionality" name="verifyBagProductAddToCart" time="0.406"/>
  <testcase classname="com.saucedemo.TestPack.TC01_VerifyLoginFunctionality" name="verifyLogin" time="0.349"/>
  <testcase classname="com.saucedemo.TestPack.TC02_VerifyLogOutFunctionality" name="verifyLogOut" time="1.14"/>
</testsuite> <!-- Test -->
